SF:lib\src\cubits\board_cubit.dart
DA:11,3
DA:13,1
DA:14,2
DA:16,2
DA:17,2
DA:19,3
DA:23,1
DA:24,1
DA:30,1
DA:32,1
DA:35,1
DA:36,1
DA:38,1
DA:42,1
DA:44,1
DA:47,1
DA:48,1
DA:50,1
DA:55,1
DA:57,2
DA:58,1
DA:61,1
DA:64,1
DA:65,1
DA:68,1
DA:73,2
DA:76,1
DA:78,2
DA:79,2
DA:81,3
DA:85,1
DA:86,2
LF:32
LH:32
end_of_record
SF:lib\src\models\task.dart
DA:9,4
DA:15,0
DA:16,0
DA:18,1
DA:23,1
DA:24,1
DA:25,1
DA:26,0
LF:8
LH:5
end_of_record
SF:lib\src\states\boart_state.dart
DA:10,1
DA:14,3
DA:20,1
LF:3
LH:3
end_of_record
SF:lib\src\repositories\isar\isar_board_repository.dart
DA:10,1
DA:12,1
DA:14,2
DA:16,1
DA:21,1
DA:23,1
DA:25,2
DA:27,2
DA:29,1
DA:36,1
DA:38,3
DA:39,1
DA:40,1
DA:41,1
DA:43,1
DA:47,1
DA:48,1
DA:49,1
DA:50,1
DA:51,2
DA:52,2
DA:54,3
DA:57,2
DA:62,1
LF:24
LH:24
end_of_record
SF:lib\src\repositories\isar\isar_datasource.dart
DA:11,0
DA:12,0
DA:13,0
DA:16,0
DA:18,0
DA:19,0
DA:20,0
DA:22,0
DA:25,0
DA:26,0
DA:27,0
DA:31,0
DA:32,0
DA:34,0
DA:35,0
DA:39,0
DA:40,0
DA:42,0
DA:43,0
DA:47,0
LF:20
LH:0
end_of_record
SF:lib\main.dart
DA:3,0
DA:4,0
DA:8,2
DA:11,1
DA:13,1
DA:15,1
DA:31,1
DA:40,1
DA:53,1
DA:54,1
DA:60,1
DA:61,2
DA:67,2
DA:71,1
DA:79,1
DA:80,1
DA:84,3
DA:87,3
DA:89,1
DA:92,1
DA:107,1
DA:111,1
DA:112,2
DA:113,3
DA:118,1
DA:119,1
LF:26
LH:24
end_of_record
